
> app-mobile@1.0.0 web
> expo start --web

Starting project at /app/app-mobile
Starting Metro Bundler
The following packages should be updated for best compatibility with the installed expo version:
  react-native-reanimated@3.16.7 - expected version: ~4.1.1
  @types/jest@30.0.0 - expected version: 29.5.14
  jest@30.2.0 - expected version: ~29.7.0
Your project may not work correctly until you install the expected versions of the packages.
Waiting on http://localhost:8081
Logs for your project will appear below.
Web ./index.ts ░░░░░░░░░░░░░░░░  0.0% (0/1)
Web Bundled 3433ms index.ts (1332 modules)
 LOG  [web] Logs will appear in the browser console
Web ./index.ts ░░░░░░░░░░░░░░░░  0.0% (0/1)
Web Bundled 100ms index.ts (1 module)
 LOG  [web] Logs will appear in the browser console
Web ./index.ts ░░░░░░░░░░░░░░░░  0.0% (0/1)
Web Bundled 87ms index.ts (1 module)
 LOG  [web] Logs will appear in the browser console
Web ./index.ts ░░░░░░░░░░░░░░░░  0.0% (0/1)
Web Bundled 73ms index.ts (1 module)
 LOG  [web] Logs will appear in the browser console
Web ./index.ts ░░░░░░░░░░░░░░░░  0.0% (0/1)
Web Bundled 89ms index.ts (1 module)
 LOG  [web] Logs will appear in the browser console
